

  !---------------------------------------------------------------------------!
  !                                                                           !
  !     MLatom: a Package for Atomistic Simulations with Machine Learning     !
  !                             MLatom 3.7.1                                  !
  !                                   @                                       !
  !                 Xiamen Atomistic Computing Suite (XACS)                   !
  !                                                                           !
  !                http://mlatom.com/ @ https://XACScloud.com                 !
  !                                                                           !
  !            MIT License (modified to request proper citations)             !
  !                   Copyright (c) 2013- Pavlo O. Dral                       !
  !                           http://dr-dral.com/                             !
  !                                                                           !
  ! Permission is hereby granted, free of charge, to any person obtaining a   !
  ! copy of this software and associated documentation files (the "Software"),!
  ! to deal in the Software without restriction, including without limitation !
  ! the rights to use, copy, modify, merge, publish, distribute, sublicense,  !
  ! and/or sell copies of the Software, and to permit persons to whom the     ! 
  ! Software is furnished to do so, subject to the following conditions:      !
  !                                                                           !
  ! The above copyright notice and this permission notice shall be included   !
  ! in all copies or substantial portions of the Software.                    !
  ! When this Software or its derivatives are used                            ! 
  ! in scientific publications, it shall be cited as:                         !
  !                                                                           !
  ! Pavlo O. Dral, Fuchun Ge, Yi-Fan Hou, Peikun Zheng, Yuxinxin Chen,        ! 
  ! Mario Barbatti, Olexandr Isayev, Cheng Wang, Bao-Xin Xue,                 !
  ! Max Pinheiro Jr, Yuming Su, Yiheng Dai, Yangtao Chen, Lina Zhang,         ! 
  ! Shuang Zhang, Arif Ullah, Quanhao Zhang, Yanchi Ou.                       !
  ! J. Chem. Theory Comput. 2024, 20, 1193-1213.                              !
  !                                                                           !
  ! Pavlo O. Dral, Fuchun Ge, Yi-Fan Hou, Peikun Zheng, Yuxinxin Chen, Bao-Xin!
  ! Xue, Max Pinheiro Jr, Yuming Su, Yiheng Dai, Yangtao Chen, Shuang Zhang,  !
  ! Lina Zhang, Arif Ullah, Quanhao Zhang, Sebastian V. Pios, Yanchi Ou,      !
  ! MLatom: A Package for Atomistic Simulations with Machine Learning,        !
  ! version 3.7.1, Xiamen University, Xiamen, China, 2013-2024.               !
  !                                                                           !
  ! The citations for MLatom's interfaces and features shall be eventually    !
  ! included too. See header.py, ref.json and http://mlatom.com.              !
  !                                                                           !
  ! THE SOFTWARE IS PROVIDED "AS IS", WITHOUT WARRANTY OF ANY KIND, EXPRESS   !
  ! OR IMPLIED, INCLUDING BUT NOT LIMITED TO THE WARRANTIES OF                !
  ! MERCHANTABILITY, FITNESS FOR A PARTICULAR PURPOSE AND NONINFRINGEMENT. IN !
  ! NO EVENT SHALL THE AUTHORS OR COPYRIGHT HOLDERS BE LIABLE FOR ANY CLAIM,  !
  ! DAMAGES OR OTHER LIABILITY, WHETHER IN AN ACTION OF CONTRACT, TORT OR     !
  ! OTHERWISE, ARISING FROM, OUT OF OR IN CONNECTION WITH THE SOFTWARE OR THE !
  ! USE OR OTHER DEALINGS IN THE SOFTWARE.                                    !
  !                                                                           !  
  !---------------------------------------------------------------------------!


 ============================================================================== 
 MLatom started on 22.07.2024 at 16:10:16
        with the following options:
        /share/home/Liaoyt/miniconda3/envs/mlatom/bin/mlatom gau_mlatom.inp

        Input file content:
 ______________________________________________________________________________ 
AIQM1
xyzfile=gau_mlatom.xyz
yestfile=ene_mlatom.dat
mndokeywords=mndokw
 ______________________________________________________________________________ 
 ============================================================================== 

 ****************************************************************************** 

 You are going to use feature(s) listed below. 
 Please cite corresponding work(s) in your paper:

 AIQM1:
   P. Zheng, R. Zubatyuk, W. Wu, O. Isayev, P.O. Dral,
   Nat. Commun. 2021, 12, 7022

 ODM2:
   P.O. Dral, X. Wu, W. Thiel,
   J. Chem. Theory Comput. 2019, 15, 1743

 MNDO program:
   W. Thiel, MNDO [check your version]
   (Max-Planck-Institut fur Kohlenforschung,
   Mulheim an der Ruhr, [year])

 D4:
   E. Caldeweyher, C. Bannwarth, S. Grimme,
   J. Chem. Phys. 2017, 147, 034112

 D4 program:
   E. Caldeweyher, S. Ehlert, S. Grimme,
   DFT-D4, Version [check your version]
   (Mulliken Center for Theoretical Chemistry,
   University of Bonn, [year])

 ANI model:
   J. S. Smith, O. Isayev, A. E. Roitberg, Chem. Sci. 2017, 8, 3192

 TorchANI program:
   X. Gao, F. Ramezanghorbani, O. Isayev, J. S. Smith, A. E. Roitberg,
   J. Chem. Inf. Model. 2020, 60, 3408

 ****************************************************************************** 



 Properties of molecule 1

 Standard deviation of NN contribution    :      0.00329430 Hartree         2.06721 kcal/mol
 NN contribution                          :      0.01349373 Hartree
 Sum of atomic self energies              :  -1834.85518463 Hartree
 ODM2* contribution                       :   -328.50198846 Hartree
 D4 contribution                          :     -0.01626047 Hartree
 Total energy                             :  -2163.35993983 Hartree

 ============================================================================== 
 Wall-clock time: 72.13 s (1.20 min, 0.02 hours)

 MLatom terminated on 22.07.2024 at 16:11:28
 ============================================================================== 
