


 PROGRAM MNDO2019.
 VERSION 8.0 OF 15 AUGUST 2019.

 COPYRIGHT BY WALTER THIEL,
 MAX-PLANCK-INSTITUT FUER KOHLENFORSCHUNG,
 D-45470 MUELHEIM, GERMANY.


 ***** STANDARD INPUT USING KEYWORDS *****

 IOP    =  -22     JOP    =   -2     IGEOM  =    1     IFORM  =    1     NSAV15 =    3
 ICUTS  =   -1     ICUTG  =   -1     IMMDP  =   -1     ISCF   =    9     IPLSCF =    9
 IPRINT =   -1     KPRINT =   -5     LPRINT =   -2     MPRINT =    0     JPRINT =   -1
 KHARGE =   -1     IMULT  =    0     KITSCF = 9999     NPRINT =   -1


 ***********************************************************************
 * INPUT OF OPTIONS VIA KEYWORDS
 * NUMBER OF MNDO97 KEYWORDS FOUND: 19
 * MOPAC KEYWORDS NOT FOUND: IMOPAC=-1
 ***********************************************************************



 *** OPTIONS FROM THE FIRST LINE OF INPUT    ***
 *** DEFINED EITHER EXPLICITLY OR BY DEFAULT ***

 LIMIT  =    0     IOP    =  -22     JOP    =   -2     IGEOM  =    1     IFORM  =    1
 NEXMOL =    1     MPLIB  =    0     IEF    =    0     IDIIS  =    0     INREFD =    0
 IPAROK =    0     MMINP  =    0     NMR    =    0     NSAV7  =    0     NSAV8  =    0
 NSAV9  =    0     NSAV13 =    0     NSAV15 =    3     NSAV16 =    0     IMMOK  =    0
 IHBOND =    0     IFLD1  =    0     IFLD2  =    0     IFLD3  =    0     ICUTS  =   -1
 ICUTG  =   -1     IEXBAS =    0     ICOSMO =    0     IPSANA =    0     IMMDP  =   -1
 INAC   =    0



 ODM2   

 GRADIENT CALCULATION FOR INPUT GEOMETRY

 INPUT IN CARTESIAN COORDINATES

 INPUT OF MOLECULAR DATA IN FREE FORMAT



                                                                                     
                                                                                     



     EIGENVALUES (EV).


             1           2           3           4           5
    0   -37.37248   -35.67655   -35.64267   -35.49297   -35.23853
    5   -34.98320   -34.23202   -33.48910   -33.31447   -32.35753
   10   -31.73133   -31.17122   -31.02624   -29.84134   -29.66116
   15   -29.53314   -28.78980   -28.10141   -27.95052   -26.86538
   20   -24.87800   -24.24599   -24.02610   -23.40755   -22.38775
   25   -22.17351   -21.72602   -21.50196   -20.86273   -20.56291
   30   -20.48227   -19.89510   -19.35458   -19.28137   -18.20500
   35   -17.77526   -17.50225   -17.22037   -16.85745   -16.64845
   40   -16.49544   -16.12093   -15.80890   -15.34852   -15.14146
   45   -15.05108   -15.01086   -14.95640   -14.82438   -14.75669
   50   -14.45516   -14.31749   -14.24529   -14.00055   -13.92434
   55   -13.89719   -13.76019   -13.71865   -13.55252   -13.45872
   60   -13.21811   -13.14000   -12.94387   -12.84029   -12.83787
   65   -12.78159   -12.61261   -12.51850   -12.36636   -12.15680
   70   -12.14757   -12.13126   -11.90639   -11.82239   -11.54144
   75   -11.53714   -11.42899   -11.39108   -11.27907   -11.21551
   80   -11.14960   -11.08751   -10.93493   -10.85349   -10.68931
   85   -10.67286   -10.58415   -10.43826   -10.27460   -10.10127
   90   -10.01477    -9.81724    -9.69321    -9.65714    -9.46707
   95    -9.44094    -9.35495    -9.24787    -9.03756    -8.94704
  100    -8.82677    -8.73137    -8.63606    -8.36085    -8.20971
  105    -8.04188    -7.77105    -7.45871    -7.45748    -7.26523
  110    -7.24414    -7.19895    -6.73540    -6.72272    -6.46625
  115    -5.62003    -4.47873    -4.41763    -4.03220     2.02168
  120     2.25665     3.01234     3.39826     3.89116     3.96996
  125     4.78979     4.88404     4.92159     4.96455     4.98955
  130     5.33665     5.40794     5.43728     5.51352     5.63051
  135     5.64297     5.81003     5.84751     5.94399     6.05781
  140     6.29011     6.36394     6.51579     6.69921     6.70906
  145     6.81888     6.88687     7.04137     7.05461     7.08504
  150     7.16579     7.30933     7.43524     7.58691     7.66527
  155     7.70270     7.77617     7.88728     8.03353     8.16605
  160     8.31885     8.39814     8.44301     8.53149     8.53684
  165     8.55336     8.61312     8.76092     8.83599     8.89464
  170     9.02872     9.04857     9.11946     9.23245     9.37850
  175     9.39172     9.46477     9.49880     9.50875     9.71295
  180     9.74402     9.80098     9.86062     9.94598    10.08307
  185    10.20230    10.48947    10.55205    10.67933    10.85099
  190    10.93866    11.01069    11.11446    11.21728    11.31461
  195    11.32246    11.79891    11.81368    11.96068    12.50938
  200    12.73895    12.76605    12.82340    16.13928    17.23193



     TOTAL ENERGY           -206131.65025 KCAL/MOL
     SCF BINDING ENERGY        -344.50912 EV
     SCF TOTAL ENERGY         -8938.53910 EV
     ELECTRONIC ENERGY       -77365.58090 EV
     NUCLEAR ENERGY           68427.04179 EV
     IONIZATION ENERGY            4.03220 EV
     SCF CYCLES                  37



     NET ATOMIC CHARGES AND ORBITAL POPULATIONS.

     ATOM    I        CHARGE      DENSITY        S          PX          PY          PZ

      H      1        0.31063     0.68937     0.68937
      N      2       -0.84129     5.84129     1.60238     1.57267     1.46003     1.20621
      C      3        0.05934     3.94066     1.31279     0.83491     0.83033     0.96263
      C      4        0.21523     3.78477     1.39425     0.78142     0.70439     0.90471
      O      5       -0.48763     6.48763     1.94853     1.46790     1.49030     1.58090
      C      6       -0.03981     4.03981     1.32659     0.87799     0.85823     0.97700
      C      7       -0.82854     4.82854     1.43491     1.11868     1.12620     1.14875
      C      8       -0.80162     4.80162     1.43046     1.07855     1.14084     1.15178
      H      9        0.37088     0.62912     0.62912
      H     10        0.20096     0.79904     0.79904
      H     11        0.22965     0.77035     0.77035
      H     12        0.24234     0.75766     0.75766
      H     13        0.24127     0.75873     0.75873
      H     14        0.25125     0.74875     0.74875
      H     15        0.23336     0.76664     0.76664
      H     16        0.29590     0.70410     0.70410
      H     17        0.24385     0.75615     0.75615
      H     18        0.10562     0.89438     0.89438
      H     19        0.32274     0.67726     0.67726
      N     20       -0.81451     5.81451     1.58865     1.24035     1.35014     1.63536
      C     21       -0.19297     4.19297     1.32914     0.98622     0.89334     0.98427
      C     22        0.27198     3.72802     1.35740     0.71305     0.86804     0.78953
      O     23       -0.48703     6.48703     1.94410     1.37606     1.47095     1.69591
      H     24        0.30969     0.69031     0.69031
      H     25        0.21157     0.78843     0.78843
      H     26        0.20812     0.79188     0.79188
      H     27        0.19122     0.80878     0.80878
      H     28        0.30536     0.69464     0.69464
      N     29       -0.82140     5.82140     1.59851     1.39575     1.66348     1.16366
      C     30        0.09642     3.90358     1.29922     0.78859     1.05196     0.76381
      C     31        0.20622     3.79378     1.37899     0.83141     0.92130     0.66209
      O     32       -0.46547     6.46547     1.94787     1.40654     1.71064     1.40042
      C     33       -0.49490     4.49490     1.38585     1.01226     1.07272     1.02407
      C     34       -0.55132     4.55132     1.40598     0.96354     1.08474     1.09706
      C     35        0.74332     3.25668     1.20421     0.69994     0.67955     0.67298
      O     36       -0.75457     6.75457     1.94839     1.47277     1.65075     1.68266
      O     37       -0.73271     6.73271     1.94883     1.42090     1.70360     1.65937
      H     38        0.27191     0.72809     0.72809
      H     39        0.27599     0.72401     0.72401
      H     40        0.18775     0.81225     0.81225
      H     41        0.25013     0.74987     0.74987
      H     42        0.20209     0.79791     0.79791
      H     43        0.19151     0.80849     0.80849
      H     44        0.10711     0.89289     0.89289
      C     45        0.51018     3.48982     1.26894     0.77003     0.71745     0.73340
      N     46       -0.52446     5.52446     1.71596     0.92791     1.43660     1.44399
      C     47        0.56195     3.43805     1.16914     0.79097     0.77357     0.70438
      N     48       -0.45625     5.45625     1.53621     1.19645     1.46846     1.25513
      C     49        0.20152     3.79848     1.23716     0.82884     0.89483     0.83766
      N     50       -0.34582     5.34582     1.70322     1.45039     1.14273     1.04948
      C     51       -0.11667     4.11667     1.36370     0.85148     0.92712     0.97437
      C     52        0.02247     3.97753     1.34996     0.85465     0.91027     0.86265
      N     53       -0.19905     5.19905     1.71641     1.41395     1.05832     1.01037
      C     54        0.00472     3.99528     1.30569     0.78288     0.98327     0.92343
      O     55       -0.53709     6.53709     1.96952     1.21887     1.65902     1.68968
      N     56       -0.62659     5.62659     1.60282     1.11157     1.67318     1.23903
      C     57        0.23285     3.76715     1.31540     0.71071     0.80557     0.93547
      O     58       -0.46278     6.46278     1.94811     1.27923     1.82311     1.41232
      O     59       -0.48005     6.48005     1.95090     1.37070     1.28836     1.87009
      O     60       -0.55340     6.55340     1.94634     1.38896     1.53345     1.68466
      C     61        0.13155     3.86845     1.34800     0.75859     0.92046     0.84140
      C     62       -0.08798     4.08798     1.37251     0.88387     0.93034     0.90125
      H     63        0.37854     0.62146     0.62146
      H     64        0.26923     0.73077     0.73077
      H     65        0.13602     0.86398     0.86398
      H     66        0.35841     0.64159     0.64159
      H     67        0.26600     0.73400     0.73400
      H     68        0.31912     0.68088     0.68088
      H     69        0.06559     0.93441     0.93441
      H     70        0.35905     0.64095     0.64095
      H     71        0.30141     0.69859     0.69859
      H     72        0.11513     0.88487     0.88487
      H     73        0.13472     0.86528     0.86528
      O     74       -0.61480     6.61480     1.95870     1.39892     1.49723     1.75995
      H     75        0.32855     0.67145     0.67145
      H     76        0.28584     0.71416     0.71416
      O     77       -0.67699     6.67699     1.95743     1.83869     1.39498     1.48589
      H     78        0.39999     0.60001     0.60001
      H     79        0.25965     0.74035     0.74035
      O     80       -0.60630     6.60630     1.95883     1.27117     1.58181     1.79449
      H     81        0.28800     0.71200     0.71200
      H     82        0.31811     0.68189     0.68189



     DIPOLE              X           Y           Z         TOTAL

     POINT-CHARGE    32.08081     3.85824     9.11048    33.57179
     HYBRID           2.11400    -0.10900    -0.48647     2.17199
     SUM             34.19481     3.74924     8.62400    35.46428



     TIME FOR ENERGY EVALUATION       0.137 SECONDS
     TIME FOR GRADIENT EVALUATION     0.424 SECONDS



                          COORDINATES (ANGSTROM)               GRADIENTS (KCAL/(MOL*ANGSTROM))

        I   NI          X           Y           Z                X           Y           Z

        1    1        0.08175     0.54017    12.04942         29.98730   -32.10892   -32.56697
        2    7        0.62300    -0.08300    11.62300        -55.83750    57.44555    73.67103
        3    6        1.45300    -1.05500    12.32400        -27.50228   -68.30772   130.85269
        4    6        2.70100    -0.26800    12.76800         -7.57181    11.52294    92.03394
        5    8        3.53200     0.12400    11.93800          3.71656     7.78842    -3.99200
        6    6        1.84000    -2.23100    11.37100         45.94493    20.08494   -86.28471
        7    6        2.82200    -3.19700    12.03800         49.63671   -48.39071    22.59214
        8    6        0.56500    -2.97100    10.97400        -59.44994   -39.59348   -18.37364
        9    1        0.58600    -0.02700    10.57000         -7.13680     7.55836   -57.04117
       10    1        0.98100    -1.34900    13.13500         68.56789    55.20822  -121.89171
       11    1        2.30700    -1.83400    10.58600        -46.58502   -47.37529    96.95570
       12    1        3.63700    -2.69500    12.32200        -72.73291   -45.40519   -24.66331
       13    1        2.38700    -3.61000    12.83600         39.08879    36.90061   -70.54740
       14    1        3.07700    -3.91000    11.38700        -19.88118    61.32722    58.34542
       15    1        0.19700    -3.44200    11.77400         33.55550    42.01061   -72.61017
       16    1       -0.10300    -2.31200    10.63200         53.40867   -55.59562    29.33970
       17    1        0.78100    -3.63600    10.26000        -19.88347    57.84355    63.39448
       18    1        2.82598    -0.03298    13.78274         -7.04787   -17.70627   -79.03471
       19    1        8.91414     3.19644     8.29733        -54.10494    -7.36279    17.86345
       20    7        8.03400     3.05500     8.54800         87.17753   -17.19173   -20.64249
       21    6        7.28900     1.91300     8.06200        -26.75291   -67.65485   -13.78558
       22    6        6.35500     2.11100     6.89700        -18.97715    12.11034   -39.14364
       23    8        5.54900     1.23700     6.63500         17.06893    44.89880     4.78177
       24    1        7.64100     3.76900     9.19100        -11.64364    40.23857    32.39751
       25    1        7.96400     1.15500     7.82400        -46.44767    47.79104    28.66207
       26    1        6.75000     1.50700     8.85700         48.37350    21.06208   -52.70227
       27    1        6.37387     2.99290     6.35465         -9.14184   -74.63055    41.08725
       28    1       -5.41025    -2.58972     7.01243         11.37804   -23.59185   -40.03808
       29    7       -5.21000    -2.90200     6.15400        -30.65036    71.09114    57.19882
       30    6       -5.99800    -2.56000     4.98100        -64.35477    53.29470   -21.18386
       31    6       -7.33000    -3.29900     4.94300        -19.40611   -67.82758    14.84880
       32    8       -8.35400    -2.72900     4.58600         17.74536    -9.06979     9.06131
       33    6       -5.17300    -2.84200     3.70300        -23.17894   -71.95534   -69.74536
       34    6       -3.86500    -2.05200     3.56500         80.32087   -18.51264   -25.67083
       35    6       -3.89400    -0.51600     3.61600         27.82320    59.06459    -3.67586
       36    8       -4.92000     0.14500     3.70500        139.50136   -44.12756    -8.66345
       37    8       -2.83200     0.06500     3.55400       -157.57133   -41.20782    14.71376
       38    1       -4.36500    -3.52100     6.11500         47.09468   -37.06488     5.53523
       39    1       -6.17000    -1.56100     4.96600         23.82938  -102.27176    -0.44036
       40    1       -4.94000    -3.80300     3.70800        -27.37471   119.67084     0.83053
       41    1       -5.74100    -2.61300     2.92800         65.38029   -28.79770    85.81448
       42    1       -3.24500    -2.35500     4.30200        -54.74485    22.43066   -70.53712
       43    1       -3.44500    -2.30400     2.68200        -34.93354    22.08550    84.91619
       44    1       -7.34336    -4.28859     5.25033          0.00960    91.02026   -27.83924
       45    6        0.49100     0.67300     8.01400        202.78204    37.23157  -151.16332
       46    7        1.55300     0.20000     8.71600        -41.52238    15.77529    -7.38191
       47    6        2.82700     0.39500     8.29100         97.12367    -5.55403   -25.86669
       48    7        3.04700     1.06600     7.15900        -85.66903    -9.92802    20.48176
       49    6        2.04600     1.54100     6.43000         74.19110   -41.06734    73.80466
       50    7        2.36500     2.22400     5.31600         14.67007   -22.49947    33.08562
       51    6        1.39700     2.75100     4.52500        -12.52242    29.40119   -41.12326
       52    6        0.01800     2.56600     4.84700          4.02503    13.64607   -59.37007
       53    7       -0.29300     1.86400     5.99300        -40.21467   -23.13706    26.66258
       54    6        0.68800     1.36400     6.80300         34.87590   -52.80284   104.55600
       55    8       -0.75500     0.60900     8.60800       -174.41830    -3.62829    79.09503
       56    7        3.86700     0.24800     9.10500        -50.18166    46.29512   -39.93502
       57    6       -1.14300     3.12200     3.97900         51.64553    41.73064   -35.70139
       58    8       -2.40100     2.63300     4.43500        -49.01146   -27.97279    25.46786
       59    8       -2.58000     5.07800     4.31400        -46.10348    41.84388    32.74958
       60    8       -0.05200     4.44600     1.62200         24.24542   -42.01048   -39.16013
       61    6       -1.28300     4.64500     3.82800         18.07717   -16.40080    -0.57518
       62    6       -1.07700     5.16400     2.35500        -12.08006    48.98821    -4.71030
       63    1        3.97700     1.32600     6.84500          2.27678     6.61547    -0.70053
       64    1        1.71700     3.29500     3.64000         -0.26744    -6.20512     8.45613
       65    1       -0.96800     2.69500     2.98100         -2.43411    14.24577    27.09476
       66    1       -2.26500     2.31800     5.34500          8.72040     9.61207   -12.94292
       67    1       -2.49000     6.02500     4.48900          1.38924   -23.47611    -6.62990
       68    1       -0.49000     3.73900     1.13400          7.52290    15.90292     5.84561
       69    1       -0.50200     5.12300     4.44100        -24.77070   -14.76571   -18.75561
       70    1        3.67100    -0.28000     9.94600         -8.15163   -14.55168     0.78918
       71    1        4.79300     0.12000     8.72100         13.83584    -5.10476    -7.44598
       72    1       -0.77200     6.21400     2.37600        -14.17418   -21.53719     2.48864
       73    1       -2.04500     5.09500     1.84500         18.61626     2.07015    11.52901
       74    8       -3.99400     7.29500     2.90800          9.26315   -11.70542     5.43957
       75    1       -3.92600     6.42900     2.41300        -16.73836   -14.04869   -21.22130
       76    1       -3.13800     7.53300     3.36700          9.21314    24.53481    15.89532
       77    8       -5.17700     3.01400     3.85100         16.39243   -11.89652    -4.98708
       78    1       -5.08800     2.01900     3.80000        -15.24782   -10.76966    14.21042
       79    1       -4.76400     3.46800     3.06200         -0.78096    32.36470   -12.18841
       80    8        2.60300     5.29500     2.11600          0.95423     8.26678    -9.99702
       81    1        3.56300     5.51200     1.94100         26.16252   -13.09266     9.26847
       82    1        1.98500     5.94600     1.67600        -28.39174     6.93109    -0.88650


     CARTESIAN GRADIENT NORM                752.13454



     GRADIENTS FOR GEOMETRY OPTIMIZATION

        I   LOCATION             VARIABLE    GRADIENT

        1    1    1               0.08175    29.98730
        2    1    2               0.54017   -32.10892
        3    1    3              12.04942   -32.56697
        4    2    1               0.62300   -55.83750
        5    2    2              -0.08300    57.44555
        6    2    3              11.62300    73.67103
        7    3    1               1.45300   -27.50228
        8    3    2              -1.05500   -68.30772
        9    3    3              12.32400   130.85269
       10    4    1               2.70100    -7.57181
       11    4    2              -0.26800    11.52294
       12    4    3              12.76800    92.03394
       13    5    1               3.53200     3.71656
       14    5    2               0.12400     7.78842
       15    5    3              11.93800    -3.99200
       16    6    1               1.84000    45.94493
       17    6    2              -2.23100    20.08494
       18    6    3              11.37100   -86.28471
       19    7    1               2.82200    49.63671
       20    7    2              -3.19700   -48.39071
       21    7    3              12.03800    22.59214
       22    8    1               0.56500   -59.44994
       23    8    2              -2.97100   -39.59348
       24    8    3              10.97400   -18.37364
       25    9    1               0.58600    -7.13680
       26    9    2              -0.02700     7.55836
       27    9    3              10.57000   -57.04117
       28   10    1               0.98100    68.56789
       29   10    2              -1.34900    55.20822
       30   10    3              13.13500  -121.89171
       31   11    1               2.30700   -46.58502
       32   11    2              -1.83400   -47.37529
       33   11    3              10.58600    96.95570
       34   12    1               3.63700   -72.73291
       35   12    2              -2.69500   -45.40519
       36   12    3              12.32200   -24.66331
       37   13    1               2.38700    39.08879
       38   13    2              -3.61000    36.90061
       39   13    3              12.83600   -70.54740
       40   14    1               3.07700   -19.88118
       41   14    2              -3.91000    61.32722
       42   14    3              11.38700    58.34542
       43   15    1               0.19700    33.55550
       44   15    2              -3.44200    42.01061
       45   15    3              11.77400   -72.61017
       46   16    1              -0.10300    53.40867
       47   16    2              -2.31200   -55.59562
       48   16    3              10.63200    29.33970
       49   17    1               0.78100   -19.88347
       50   17    2              -3.63600    57.84355
       51   17    3              10.26000    63.39448
       52   18    1               2.82598    -7.04787
       53   18    2              -0.03298   -17.70627
       54   18    3              13.78274   -79.03471
       55   19    1               8.91414   -54.10494
       56   19    2               3.19644    -7.36279
       57   19    3               8.29733    17.86345
       58   20    1               8.03400    87.17753
       59   20    2               3.05500   -17.19173
       60   20    3               8.54800   -20.64249
       61   21    1               7.28900   -26.75291
       62   21    2               1.91300   -67.65485
       63   21    3               8.06200   -13.78558
       64   22    1               6.35500   -18.97715
       65   22    2               2.11100    12.11034
       66   22    3               6.89700   -39.14364
       67   23    1               5.54900    17.06893
       68   23    2               1.23700    44.89880
       69   23    3               6.63500     4.78177
       70   24    1               7.64100   -11.64364
       71   24    2               3.76900    40.23857
       72   24    3               9.19100    32.39751
       73   25    1               7.96400   -46.44767
       74   25    2               1.15500    47.79104
       75   25    3               7.82400    28.66207
       76   26    1               6.75000    48.37350
       77   26    2               1.50700    21.06208
       78   26    3               8.85700   -52.70227
       79   27    1               6.37387    -9.14184
       80   27    2               2.99290   -74.63055
       81   27    3               6.35465    41.08725
       82   28    1              -5.41025    11.37804
       83   28    2              -2.58972   -23.59185
       84   28    3               7.01243   -40.03808
       85   29    1              -5.21000   -30.65036
       86   29    2              -2.90200    71.09114
       87   29    3               6.15400    57.19882
       88   30    1              -5.99800   -64.35477
       89   30    2              -2.56000    53.29470
       90   30    3               4.98100   -21.18386
       91   31    1              -7.33000   -19.40611
       92   31    2              -3.29900   -67.82758
       93   31    3               4.94300    14.84880
       94   32    1              -8.35400    17.74536
       95   32    2              -2.72900    -9.06979
       96   32    3               4.58600     9.06131
       97   33    1              -5.17300   -23.17894
       98   33    2              -2.84200   -71.95534
       99   33    3               3.70300   -69.74536
      100   34    1              -3.86500    80.32087
      101   34    2              -2.05200   -18.51264
      102   34    3               3.56500   -25.67083
      103   35    1              -3.89400    27.82320
      104   35    2              -0.51600    59.06459
      105   35    3               3.61600    -3.67586
      106   36    1              -4.92000   139.50136
      107   36    2               0.14500   -44.12756
      108   36    3               3.70500    -8.66345
      109   37    1              -2.83200  -157.57133
      110   37    2               0.06500   -41.20782
      111   37    3               3.55400    14.71376
      112   38    1              -4.36500    47.09468
      113   38    2              -3.52100   -37.06488
      114   38    3               6.11500     5.53523
      115   39    1              -6.17000    23.82938
      116   39    2              -1.56100  -102.27176
      117   39    3               4.96600    -0.44036
      118   40    1              -4.94000   -27.37471
      119   40    2              -3.80300   119.67084
      120   40    3               3.70800     0.83053
      121   41    1              -5.74100    65.38029
      122   41    2              -2.61300   -28.79770
      123   41    3               2.92800    85.81448
      124   42    1              -3.24500   -54.74485
      125   42    2              -2.35500    22.43066
      126   42    3               4.30200   -70.53712
      127   43    1              -3.44500   -34.93354
      128   43    2              -2.30400    22.08550
      129   43    3               2.68200    84.91619
      130   44    1              -7.34336     0.00960
      131   44    2              -4.28859    91.02026
      132   44    3               5.25033   -27.83924
      133   45    1               0.49100   202.78204
      134   45    2               0.67300    37.23157
      135   45    3               8.01400  -151.16332
      136   46    1               1.55300   -41.52238
      137   46    2               0.20000    15.77529
      138   46    3               8.71600    -7.38191
      139   47    1               2.82700    97.12367
      140   47    2               0.39500    -5.55403
      141   47    3               8.29100   -25.86669
      142   48    1               3.04700   -85.66903
      143   48    2               1.06600    -9.92802
      144   48    3               7.15900    20.48176
      145   49    1               2.04600    74.19110
      146   49    2               1.54100   -41.06734
      147   49    3               6.43000    73.80466
      148   50    1               2.36500    14.67007
      149   50    2               2.22400   -22.49947
      150   50    3               5.31600    33.08562
      151   51    1               1.39700   -12.52242
      152   51    2               2.75100    29.40119
      153   51    3               4.52500   -41.12326
      154   52    1               0.01800     4.02503
      155   52    2               2.56600    13.64607
      156   52    3               4.84700   -59.37007
      157   53    1              -0.29300   -40.21467
      158   53    2               1.86400   -23.13706
      159   53    3               5.99300    26.66258
      160   54    1               0.68800    34.87590
      161   54    2               1.36400   -52.80284
      162   54    3               6.80300   104.55600
      163   55    1              -0.75500  -174.41830
      164   55    2               0.60900    -3.62829
      165   55    3               8.60800    79.09503
      166   56    1               3.86700   -50.18166
      167   56    2               0.24800    46.29512
      168   56    3               9.10500   -39.93502
      169   57    1              -1.14300    51.64553
      170   57    2               3.12200    41.73064
      171   57    3               3.97900   -35.70139
      172   58    1              -2.40100   -49.01146
      173   58    2               2.63300   -27.97279
      174   58    3               4.43500    25.46786
      175   59    1              -2.58000   -46.10348
      176   59    2               5.07800    41.84388
      177   59    3               4.31400    32.74958
      178   60    1              -0.05200    24.24542
      179   60    2               4.44600   -42.01048
      180   60    3               1.62200   -39.16013
      181   61    1              -1.28300    18.07717
      182   61    2               4.64500   -16.40080
      183   61    3               3.82800    -0.57518
      184   62    1              -1.07700   -12.08006
      185   62    2               5.16400    48.98821
      186   62    3               2.35500    -4.71030
      187   63    1               3.97700     2.27678
      188   63    2               1.32600     6.61547
      189   63    3               6.84500    -0.70053
      190   64    1               1.71700    -0.26744
      191   64    2               3.29500    -6.20512
      192   64    3               3.64000     8.45613
      193   65    1              -0.96800    -2.43411
      194   65    2               2.69500    14.24577
      195   65    3               2.98100    27.09476
      196   66    1              -2.26500     8.72040
      197   66    2               2.31800     9.61207
      198   66    3               5.34500   -12.94292
      199   67    1              -2.49000     1.38924
      200   67    2               6.02500   -23.47611
      201   67    3               4.48900    -6.62990
      202   68    1              -0.49000     7.52290
      203   68    2               3.73900    15.90292
      204   68    3               1.13400     5.84561
      205   69    1              -0.50200   -24.77070
      206   69    2               5.12300   -14.76571
      207   69    3               4.44100   -18.75561
      208   70    1               3.67100    -8.15163
      209   70    2              -0.28000   -14.55168
      210   70    3               9.94600     0.78918
      211   71    1               4.79300    13.83584
      212   71    2               0.12000    -5.10476
      213   71    3               8.72100    -7.44598
      214   72    1              -0.77200   -14.17418
      215   72    2               6.21400   -21.53719
      216   72    3               2.37600     2.48864
      217   73    1              -2.04500    18.61626
      218   73    2               5.09500     2.07015
      219   73    3               1.84500    11.52901
      220   74    1              -3.99400     9.26315
      221   74    2               7.29500   -11.70542
      222   74    3               2.90800     5.43957
      223   75    1              -3.92600   -16.73836
      224   75    2               6.42900   -14.04869
      225   75    3               2.41300   -21.22130
      226   76    1              -3.13800     9.21314
      227   76    2               7.53300    24.53481
      228   76    3               3.36700    15.89532
      229   77    1              -5.17700    16.39243
      230   77    2               3.01400   -11.89652
      231   77    3               3.85100    -4.98708
      232   78    1              -5.08800   -15.24782
      233   78    2               2.01900   -10.76966
      234   78    3               3.80000    14.21042
      235   79    1              -4.76400    -0.78096
      236   79    2               3.46800    32.36470
      237   79    3               3.06200   -12.18841
      238   80    1               2.60300     0.95423
      239   80    2               5.29500     8.26678
      240   80    3               2.11600    -9.99702
      241   81    1               3.56300    26.16252
      242   81    2               5.51200   -13.09266
      243   81    3               1.94100     9.26847
      244   82    1               1.98500   -28.39174
      245   82    2               5.94600     6.93109
      246   82    3               1.67600    -0.88650


     GRADIENT NORM                          752.13454



 COMPUTATION TIME                 0.565 SECONDS


