


 PROGRAM MNDO2019.
 VERSION 8.0 OF 15 AUGUST 2019.

 COPYRIGHT BY WALTER THIEL,
 MAX-PLANCK-INSTITUT FUER KOHLENFORSCHUNG,
 D-45470 MUELHEIM, GERMANY.


 ***** STANDARD INPUT USING KEYWORDS *****

 IOP    =  -22     JOP    =   -2     IGEOM  =    1     IFORM  =    1     NSAV15 =    3
 ICUTS  =   -1     ICUTG  =   -1     IMMDP  =   -1     ISCF   =    9     IPLSCF =    9
 IPRINT =   -1     KPRINT =   -5     LPRINT =   -2     MPRINT =    0     JPRINT =   -1
 KHARGE =    0     IMULT  =    0     KITSCF = 9999     NPRINT =   -1


 ***********************************************************************
 * INPUT OF OPTIONS VIA KEYWORDS
 * NUMBER OF MNDO97 KEYWORDS FOUND: 19
 * MOPAC KEYWORDS NOT FOUND: IMOPAC=-1
 ***********************************************************************



 *** OPTIONS FROM THE FIRST LINE OF INPUT    ***
 *** DEFINED EITHER EXPLICITLY OR BY DEFAULT ***

 LIMIT  =    0     IOP    =  -22     JOP    =   -2     IGEOM  =    1     IFORM  =    1
 NEXMOL =    1     MPLIB  =    0     IEF    =    0     IDIIS  =    0     INREFD =    0
 IPAROK =    0     MMINP  =    0     NMR    =    0     NSAV7  =    0     NSAV8  =    0
 NSAV9  =    0     NSAV13 =    0     NSAV15 =    3     NSAV16 =    0     IMMOK  =    0
 IHBOND =    0     IFLD1  =    0     IFLD2  =    0     IFLD3  =    0     ICUTS  =   -1
 ICUTG  =   -1     IEXBAS =    0     ICOSMO =    0     IPSANA =    0     IMMDP  =   -1
 INAC   =    0



 ODM2   

 GRADIENT CALCULATION FOR INPUT GEOMETRY

 INPUT IN CARTESIAN COORDINATES

 INPUT OF MOLECULAR DATA IN FREE FORMAT



                                                                                     
                                                                                     



     EIGENVALUES (EV).


             1           2           3           4           5
    0   -37.37315   -31.34637   -28.36512   -26.81891   -25.74939
    5   -25.21832   -24.90913   -24.69845   -22.61750   -21.45793
   10   -21.28683   -20.25356   -19.91207   -19.33958   -18.25816
   15   -17.16217   -16.32169   -15.93514   -15.46960   -15.34248
   20   -14.86058   -14.60633   -14.43446   -14.28651   -14.02226
   25   -13.74987   -13.60771   -13.14689   -13.06519   -12.98945
   30   -12.70623   -12.32618   -11.95307   -11.86433   -11.74008
   35   -11.60547   -11.32230   -10.92127   -10.78150   -10.10700
   40    -9.96399    -9.52365    -9.25096    -8.79812     1.70585
   45     2.00218     3.33269     3.56728     3.66473     3.86305
   50     3.94553     4.01042     4.19465     4.25157     4.38897
   55     4.43559     4.46261     4.55359     4.69110     4.84070
   60     4.84874     4.93116     5.10405     5.23200     5.33705
   65     5.55208     5.75180     5.91240     6.38597     6.64157
   70     6.72094     6.81727     7.20009     7.38474     7.51196
   75     7.63391     7.94785     8.06356     8.38775     8.60386
   80     8.62660     8.81051     8.94455    10.06646    10.78340



     TOTAL ENERGY            -60508.45554 KCAL/MOL
     SCF BINDING ENERGY        -165.28655 EV
     SCF TOTAL ENERGY         -2623.84353 EV
     ELECTRONIC ENERGY       -17258.56272 EV
     NUCLEAR ENERGY           14634.71919 EV
     IONIZATION ENERGY            8.79812 EV
     SCF CYCLES                  25



     NET ATOMIC CHARGES AND ORBITAL POPULATIONS.

     ATOM    I        CHARGE      DENSITY        S          PX          PY          PZ

      N      1       -0.31735     5.31735     1.63162     1.50736     1.13464     1.04374
      C      2       -0.09122     4.09122     1.34490     1.02445     0.87537     0.84651
      C      3       -0.29289     4.29289     1.38355     0.98771     0.98923     0.93239
      C      4        0.50675     3.49325     1.25743     0.67843     0.78136     0.77603
      O      5       -0.61357     6.61357     1.94565     1.30057     1.48383     1.88353
      C      6       -0.34288     4.34288     1.39290     1.03399     0.98001     0.93598
      C      7       -0.09544     4.09544     1.34654     0.92802     0.91606     0.90482
      C      8       -0.11243     4.11243     1.35567     0.93180     0.98081     0.84415
      C      9       -0.21840     4.21840     1.36554     0.94169     0.93828     0.97290
      C     10       -0.45842     4.45842     1.40885     1.02355     1.00270     1.02332
      H     11        0.15285     0.84715     0.84715
      C     12       -0.06207     4.06207     1.32832     0.99852     0.83786     0.89736
      C     13       -0.19967     4.19967     1.36524     0.98035     0.97997     0.87410
      C     14       -0.19780     4.19780     1.35901     0.99502     0.92357     0.92020
      C     15       -0.16600     4.16600     1.35865     0.98957     0.85820     0.95959
      H     16        0.17526     0.82474     0.82474
      C     17       -0.19227     4.19227     1.36033     0.99265     0.96596     0.87333
      C     18       -0.22254     4.22254     1.36762     1.00170     0.93526     0.91796
      H     19        0.12211     0.87789     0.87789
      H     20        0.09769     0.90231     0.90231
      H     21        0.13866     0.86134     0.86134
      H     22        0.12650     0.87350     0.87350
      H     23        0.31942     0.68058     0.68058
      H     24        0.13603     0.86397     0.86397
      H     25        0.10633     0.89367     0.89367
      H     26        0.08960     0.91040     0.91040
      H     27        0.11787     0.88213     0.88213
      H     28        0.12079     0.87921     0.87921
      H     29        0.08021     0.91979     0.91979
      H     30        0.12944     0.87056     0.87056
      H     31        0.12537     0.87463     0.87463
      H     32        0.13947     0.86053     0.86053
      H     33        0.13611     0.86389     0.86389
      H     34        0.19786     0.80214     0.80214
      H     35        0.18987     0.81013     0.81013
      H     36        0.18596     0.81404     0.81404
      H     37        0.18881     0.81119     0.81119



     DIPOLE              X           Y           Z         TOTAL

     POINT-CHARGE    -0.87463    -0.86472    -0.55087     1.34765
     HYBRID           0.70583    -0.11216    -0.29125     0.77175
     SUM             -0.16880    -0.97688    -0.84212     1.30075



     TIME FOR ENERGY EVALUATION       0.029 SECONDS
     TIME FOR GRADIENT EVALUATION     0.056 SECONDS



                          COORDINATES (ANGSTROM)               GRADIENTS (KCAL/(MOL*ANGSTROM))

        I   NI          X           Y           Z                X           Y           Z

        1    7       63.24700    38.74784    -0.21179         -9.74280     1.41443    -2.53834
        2    6       62.99938    39.88079    -1.12577        -13.26707    21.47279    -3.83540
        3    6       62.66338    39.41116    -2.54732          8.41240    -9.72863    -3.67851
        4    6       63.69036    38.40071    -3.09422        -23.10882   -22.18493   -91.35308
        5    8       64.97412    39.01821    -3.09249         23.21538   -30.60883   -19.33819
        6    6       63.75373    37.21726    -2.11514          9.47567    16.73142    -7.43718
        7    6       64.14929    37.69310    -0.71371         14.37007   -17.85060     7.19806
        8    6       63.77201    39.19747     1.09428         18.28018     7.66232    19.19541
        9    6       62.75260    40.01537     1.89612          3.41314    -6.88477    -7.35270
       10    6       63.51652    41.09682     2.67683         -4.46055    -2.86813    10.39912
       11    1       63.05138    41.32456     3.66588         -5.85465     3.16348    14.78072
       12    6       63.42779    38.05494    -4.45791         30.70543    29.62116   100.54078
       13    6       63.21243    39.07502    -5.40626          0.47764     5.07342     2.66447
       14    6       62.86166    38.77831    -6.72508         -3.25398     1.67833    -3.97334
       15    6       62.73637    37.44915    -7.12901          5.99101    10.51239     1.81640
       16    1       62.39330    37.22150    -8.17628         -9.29857    -1.48754   -20.64942
       17    6       62.99069    36.41864    -6.20850         -2.14722    -9.40842    -1.59893
       18    6       63.34839    36.71769    -4.88443          5.03071    -4.55721    18.92639
       19    1       62.20897    40.55743    -0.72498         19.25521     7.40684    -2.55388
       20    1       63.85623    40.59276    -1.12831        -22.23808     0.80919     9.50689
       21    1       61.62774    39.00078    -2.59933         -5.71259    14.92131    -9.97319
       22    1       62.54836    40.27721    -3.23908        -14.43371    -8.41587    -4.81715
       23    1       65.60864    38.39470    -3.42701        -19.91506    18.41931    10.43774
       24    1       62.79912    36.64053    -2.10140          8.70816   -15.74897    -8.94323
       25    1       64.43108    36.41168    -2.48331        -18.48450    -7.14492    -4.93535
       26    1       65.21262    38.02434    -0.68401        -14.63554   -14.69741    14.40931
       27    1       64.21100    36.83897     0.00037         17.48239    11.13810    -5.15437
       28    1       64.15352    38.33615     1.69034         12.05383    12.82539    -7.89812
       29    1       64.72199    39.76516     0.96506        -10.88927   -20.35620    10.56816
       30    1       61.94378    40.43914     1.25479        -11.71571   -10.98088     7.97193
       31    1       62.10849    39.38122     2.55076        -15.86909     7.01125    -9.36947
       32    1       64.59068    40.82357     2.79212         10.03512     9.62419   -12.98722
       33    1       63.63050    42.02262     2.06724         16.08765     2.39488    -4.64457
       34    1       63.32014    40.13103    -5.10868         -0.44844     5.16432     1.09403
       35    1       62.68402    39.59250    -7.44635         -0.98320     4.09470    -4.00336
       36    1       62.90825    35.36589    -6.52683         -0.47021    -5.97263    -1.25538
       37    1       63.56764    35.89983    -4.17643          3.93506    -2.24328     8.78097


     CARTESIAN GRADIENT NORM                185.99287



     GRADIENTS FOR GEOMETRY OPTIMIZATION

        I   LOCATION             VARIABLE    GRADIENT

        1    1    1              63.24700    -9.74280
        2    1    2              38.74784     1.41443
        3    1    3              -0.21179    -2.53834
        4    2    1              62.99938   -13.26707
        5    2    2              39.88079    21.47279
        6    2    3              -1.12577    -3.83540
        7    3    1              62.66338     8.41240
        8    3    2              39.41116    -9.72863
        9    3    3              -2.54732    -3.67851
       10    4    1              63.69036   -23.10882
       11    4    2              38.40071   -22.18493
       12    4    3              -3.09422   -91.35308
       13    5    1              64.97412    23.21538
       14    5    2              39.01821   -30.60883
       15    5    3              -3.09249   -19.33819
       16    6    1              63.75373     9.47567
       17    6    2              37.21726    16.73142
       18    6    3              -2.11514    -7.43718
       19    7    1              64.14929    14.37007
       20    7    2              37.69310   -17.85060
       21    7    3              -0.71371     7.19806
       22    8    1              63.77201    18.28018
       23    8    2              39.19747     7.66232
       24    8    3               1.09428    19.19541
       25    9    1              62.75260     3.41314
       26    9    2              40.01537    -6.88477
       27    9    3               1.89612    -7.35270
       28   10    1              63.51652    -4.46055
       29   10    2              41.09682    -2.86813
       30   10    3               2.67683    10.39912
       31   11    1              63.05138    -5.85465
       32   11    2              41.32456     3.16348
       33   11    3               3.66588    14.78072
       34   12    1              63.42779    30.70543
       35   12    2              38.05494    29.62116
       36   12    3              -4.45791   100.54078
       37   13    1              63.21243     0.47764
       38   13    2              39.07502     5.07342
       39   13    3              -5.40626     2.66447
       40   14    1              62.86166    -3.25398
       41   14    2              38.77831     1.67833
       42   14    3              -6.72508    -3.97334
       43   15    1              62.73637     5.99101
       44   15    2              37.44915    10.51239
       45   15    3              -7.12901     1.81640
       46   16    1              62.39330    -9.29857
       47   16    2              37.22150    -1.48754
       48   16    3              -8.17628   -20.64942
       49   17    1              62.99069    -2.14722
       50   17    2              36.41864    -9.40842
       51   17    3              -6.20850    -1.59893
       52   18    1              63.34839     5.03071
       53   18    2              36.71769    -4.55721
       54   18    3              -4.88443    18.92639
       55   19    1              62.20897    19.25521
       56   19    2              40.55743     7.40684
       57   19    3              -0.72498    -2.55388
       58   20    1              63.85623   -22.23808
       59   20    2              40.59276     0.80919
       60   20    3              -1.12831     9.50689
       61   21    1              61.62774    -5.71259
       62   21    2              39.00078    14.92131
       63   21    3              -2.59933    -9.97319
       64   22    1              62.54836   -14.43371
       65   22    2              40.27721    -8.41587
       66   22    3              -3.23908    -4.81715
       67   23    1              65.60864   -19.91506
       68   23    2              38.39470    18.41931
       69   23    3              -3.42701    10.43774
       70   24    1              62.79912     8.70816
       71   24    2              36.64053   -15.74897
       72   24    3              -2.10140    -8.94323
       73   25    1              64.43108   -18.48450
       74   25    2              36.41168    -7.14492
       75   25    3              -2.48331    -4.93535
       76   26    1              65.21262   -14.63554
       77   26    2              38.02434   -14.69741
       78   26    3              -0.68401    14.40931
       79   27    1              64.21100    17.48239
       80   27    2              36.83897    11.13810
       81   27    3               0.00037    -5.15437
       82   28    1              64.15352    12.05383
       83   28    2              38.33615    12.82539
       84   28    3               1.69034    -7.89812
       85   29    1              64.72199   -10.88927
       86   29    2              39.76516   -20.35620
       87   29    3               0.96506    10.56816
       88   30    1              61.94378   -11.71571
       89   30    2              40.43914   -10.98088
       90   30    3               1.25479     7.97193
       91   31    1              62.10849   -15.86909
       92   31    2              39.38122     7.01125
       93   31    3               2.55076    -9.36947
       94   32    1              64.59068    10.03512
       95   32    2              40.82357     9.62419
       96   32    3               2.79212   -12.98722
       97   33    1              63.63050    16.08765
       98   33    2              42.02262     2.39488
       99   33    3               2.06724    -4.64457
      100   34    1              63.32014    -0.44844
      101   34    2              40.13103     5.16432
      102   34    3              -5.10868     1.09403
      103   35    1              62.68402    -0.98320
      104   35    2              39.59250     4.09470
      105   35    3              -7.44635    -4.00336
      106   36    1              62.90825    -0.47021
      107   36    2              35.36589    -5.97263
      108   36    3              -6.52683    -1.25538
      109   37    1              63.56764     3.93506
      110   37    2              35.89983    -2.24328
      111   37    3              -4.17643     8.78097


     GRADIENT NORM                          185.99287



 COMPUTATION TIME                 0.086 SECONDS


